2022-05-06 14:20:17.272  INFO 16040 --- [restartedMain] c.shopme.admin.ShopmeBackEndApplication  : Starting ShopmeBackEndApplication using Java 11 on DESKTOP-VSRP01J with PID 16040 (D:\Java\Project\ShopmeEcommerce\ShopmeProject\ShopmeWebParent\ShopmeBackEnd\target\classes started by DELL in D:\Java\Project\ShopmeEcommerce\ShopmeProject\ShopmeWebParent\ShopmeBackEnd)
2022-05-06 14:20:17.272  INFO 16040 --- [restartedMain] c.shopme.admin.ShopmeBackEndApplication  : No active profile set, falling back to 1 default profile: "default"
2022-05-06 14:20:17.389  INFO 16040 --- [restartedMain] .s.d.r.c.RepositoryConfigurationDelegate : Bootstrapping Spring Data JPA repositories in DEFAULT mode.
2022-05-06 14:20:17.397  INFO 16040 --- [restartedMain] .s.d.r.c.RepositoryConfigurationDelegate : Finished Spring Data repository scanning in 7 ms. Found 2 JPA repository interfaces.
2022-05-06 14:20:17.457  INFO 16040 --- [restartedMain] o.s.b.w.embedded.tomcat.TomcatWebServer  : Tomcat initialized with port(s): 8083 (http)
2022-05-06 14:20:17.465  INFO 16040 --- [restartedMain] o.apache.catalina.core.StandardService   : Starting service [Tomcat]
2022-05-06 14:20:17.465  INFO 16040 --- [restartedMain] org.apache.catalina.core.StandardEngine  : Starting Servlet engine: [Apache Tomcat/9.0.62]
2022-05-06 14:20:17.478  INFO 16040 --- [restartedMain] o.a.c.c.C.[.[localhost].[/ShopmeAdmin]   : Initializing Spring embedded WebApplicationContext
2022-05-06 14:20:17.478  INFO 16040 --- [restartedMain] w.s.c.ServletWebServerApplicationContext : Root WebApplicationContext: initialization completed in 204 ms
2022-05-06 14:20:17.510  INFO 16040 --- [restartedMain] o.hibernate.jpa.internal.util.LogHelper  : HHH000204: Processing PersistenceUnitInfo [name: default]
2022-05-06 14:20:17.515  INFO 16040 --- [restartedMain] com.zaxxer.hikari.HikariDataSource       : HikariPool-4 - Starting...
2022-05-06 14:20:17.525  INFO 16040 --- [restartedMain] com.zaxxer.hikari.HikariDataSource       : HikariPool-4 - Start completed.
2022-05-06 14:20:17.525  INFO 16040 --- [restartedMain] org.hibernate.dialect.Dialect            : HHH000400: Using dialect: org.hibernate.dialect.MySQL8Dialect
2022-05-06 14:20:17.559  INFO 16040 --- [restartedMain] o.h.e.t.j.p.i.JtaPlatformInitiator       : HHH000490: Using JtaPlatform implementation: [org.hibernate.engine.transaction.jta.platform.internal.NoJtaPlatform]
2022-05-06 14:20:17.559  INFO 16040 --- [restartedMain] j.LocalContainerEntityManagerFactoryBean : Initialized JPA EntityManagerFactory for persistence unit 'default'
2022-05-06 14:20:17.573  WARN 16040 --- [restartedMain] JpaBaseConfiguration$JpaWebConfiguration : spring.jpa.open-in-view is enabled by default. Therefore, database queries may be performed during view rendering. Explicitly configure spring.jpa.open-in-view to disable this warning
2022-05-06 14:20:17.629  WARN 16040 --- [restartedMain] o.s.s.c.a.web.builders.WebSecurity       : You are asking Spring Security to ignore Ant [pattern='/images/**']. This is not recommended -- please use permitAll via HttpSecurity#authorizeHttpRequests instead.
2022-05-06 14:20:17.629  INFO 16040 --- [restartedMain] o.s.s.web.DefaultSecurityFilterChain     : Will not secure Ant [pattern='/images/**']
2022-05-06 14:20:17.629  WARN 16040 --- [restartedMain] o.s.s.c.a.web.builders.WebSecurity       : You are asking Spring Security to ignore Ant [pattern='/js/**']. This is not recommended -- please use permitAll via HttpSecurity#authorizeHttpRequests instead.
2022-05-06 14:20:17.629  INFO 16040 --- [restartedMain] o.s.s.web.DefaultSecurityFilterChain     : Will not secure Ant [pattern='/js/**']
2022-05-06 14:20:17.629  WARN 16040 --- [restartedMain] o.s.s.c.a.web.builders.WebSecurity       : You are asking Spring Security to ignore Ant [pattern='/webjars/**']. This is not recommended -- please use permitAll via HttpSecurity#authorizeHttpRequests instead.
2022-05-06 14:20:17.629  INFO 16040 --- [restartedMain] o.s.s.web.DefaultSecurityFilterChain     : Will not secure Ant [pattern='/webjars/**']
2022-05-06 14:20:17.634  INFO 16040 --- [restartedMain] o.s.s.web.DefaultSecurityFilterChain     : Will secure any request with [org.springframework.security.web.context.request.async.WebAsyncManagerIntegrationFilter@13d6e1d, org.springframework.security.web.context.SecurityContextPersistenceFilter@475e4e17, org.springframework.security.web.header.HeaderWriterFilter@1c2ab6c5, org.springframework.security.web.csrf.CsrfFilter@4a01f50, org.springframework.security.web.authentication.logout.LogoutFilter@6efa5fdc, org.springframework.security.web.authentication.UsernamePasswordAuthenticationFilter@39273b65, org.springframework.security.web.savedrequest.RequestCacheAwareFilter@556ec95b, org.springframework.security.web.servletapi.SecurityContextHolderAwareRequestFilter@1c3bd1ad, org.springframework.security.web.authentication.rememberme.RememberMeAuthenticationFilter@42f562a7, org.springframework.security.web.authentication.AnonymousAuthenticationFilter@3c61aa20, org.springframework.security.web.session.SessionManagementFilter@438083a8, org.springframework.security.web.access.ExceptionTranslationFilter@414a6d1a, org.springframework.security.web.access.intercept.FilterSecurityInterceptor@7f884d2f]
2022-05-06 14:20:17.664  INFO 16040 --- [restartedMain] o.s.b.a.w.s.WelcomePageHandlerMapping    : Adding welcome page template: index
2022-05-06 14:20:17.790  INFO 16040 --- [restartedMain] o.s.b.d.a.OptionalLiveReloadServer       : LiveReload server is running on port 35729
2022-05-06 14:20:17.797  INFO 16040 --- [restartedMain] o.s.b.w.embedded.tomcat.TomcatWebServer  : Tomcat started on port(s): 8083 (http) with context path '/ShopmeAdmin'
2022-05-06 14:20:17.800  INFO 16040 --- [restartedMain] c.shopme.admin.ShopmeBackEndApplication  : Started ShopmeBackEndApplication in 0.572 seconds (JVM running for 719.626)
2022-05-06 14:20:17.801  INFO 16040 --- [restartedMain] .ConditionEvaluationDeltaLoggingListener : Condition evaluation unchanged
2022-05-06 14:23:59.881  INFO 16040 --- [RMI TCP Connection(29)-127.0.0.1] inMXBeanRegistrar$SpringApplicationAdmin : Application shutdown requested.
2022-05-06 14:23:59.987  INFO 16040 --- [RMI TCP Connection(29)-127.0.0.1] j.LocalContainerEntityManagerFactoryBean : Closing JPA EntityManagerFactory for persistence unit 'default'
2022-05-06 14:23:59.988  INFO 16040 --- [RMI TCP Connection(29)-127.0.0.1] com.zaxxer.hikari.HikariDataSource       : HikariPool-4 - Shutdown initiated...
2022-05-06 14:23:59.992  INFO 16040 --- [RMI TCP Connection(29)-127.0.0.1] com.zaxxer.hikari.HikariDataSource       : HikariPool-4 - Shutdown completed.
2022-05-06 14:24:02.249  INFO 6508 --- [restartedMain] c.shopme.admin.ShopmeBackEndApplication  : Starting ShopmeBackEndApplication using Java 11 on DESKTOP-VSRP01J with PID 6508 (D:\Java\Project\ShopmeEcommerce\ShopmeProject\ShopmeWebParent\ShopmeBackEnd\target\classes started by DELL in D:\Java\Project\ShopmeEcommerce\ShopmeProject\ShopmeWebParent\ShopmeBackEnd)
2022-05-06 14:24:02.250  INFO 6508 --- [restartedMain] c.shopme.admin.ShopmeBackEndApplication  : No active profile set, falling back to 1 default profile: "default"
2022-05-06 14:24:02.280  INFO 6508 --- [restartedMain] .e.DevToolsPropertyDefaultsPostProcessor : Devtools property defaults active! Set 'spring.devtools.add-properties' to 'false' to disable
2022-05-06 14:24:02.280  INFO 6508 --- [restartedMain] .e.DevToolsPropertyDefaultsPostProcessor : For additional web related logging consider setting the 'logging.level.web' property to 'DEBUG'
2022-05-06 14:24:02.714  INFO 6508 --- [restartedMain] .s.d.r.c.RepositoryConfigurationDelegate : Bootstrapping Spring Data JPA repositories in DEFAULT mode.
2022-05-06 14:24:02.753  INFO 6508 --- [restartedMain] .s.d.r.c.RepositoryConfigurationDelegate : Finished Spring Data repository scanning in 31 ms. Found 2 JPA repository interfaces.
2022-05-06 14:24:03.191  INFO 6508 --- [restartedMain] o.s.b.w.embedded.tomcat.TomcatWebServer  : Tomcat initialized with port(s): 8083 (http)
2022-05-06 14:24:03.198  INFO 6508 --- [restartedMain] o.apache.catalina.core.StandardService   : Starting service [Tomcat]
2022-05-06 14:24:03.198  INFO 6508 --- [restartedMain] org.apache.catalina.core.StandardEngine  : Starting Servlet engine: [Apache Tomcat/9.0.62]
2022-05-06 14:24:03.261  INFO 6508 --- [restartedMain] o.a.c.c.C.[.[localhost].[/ShopmeAdmin]   : Initializing Spring embedded WebApplicationContext
2022-05-06 14:24:03.261  INFO 6508 --- [restartedMain] w.s.c.ServletWebServerApplicationContext : Root WebApplicationContext: initialization completed in 981 ms
2022-05-06 14:24:03.397  INFO 6508 --- [restartedMain] o.hibernate.jpa.internal.util.LogHelper  : HHH000204: Processing PersistenceUnitInfo [name: default]
2022-05-06 14:24:03.434  INFO 6508 --- [restartedMain] org.hibernate.Version                    : HHH000412: Hibernate ORM core version 5.6.8.Final
2022-05-06 14:24:03.550  INFO 6508 --- [restartedMain] o.hibernate.annotations.common.Version   : HCANN000001: Hibernate Commons Annotations {5.1.2.Final}
2022-05-06 14:24:03.627  INFO 6508 --- [restartedMain] com.zaxxer.hikari.HikariDataSource       : HikariPool-1 - Starting...
2022-05-06 14:24:03.809  INFO 6508 --- [restartedMain] com.zaxxer.hikari.HikariDataSource       : HikariPool-1 - Start completed.
2022-05-06 14:24:03.822  INFO 6508 --- [restartedMain] org.hibernate.dialect.Dialect            : HHH000400: Using dialect: org.hibernate.dialect.MySQL8Dialect
2022-05-06 14:24:04.315  INFO 6508 --- [restartedMain] o.h.e.t.j.p.i.JtaPlatformInitiator       : HHH000490: Using JtaPlatform implementation: [org.hibernate.engine.transaction.jta.platform.internal.NoJtaPlatform]
2022-05-06 14:24:04.322  INFO 6508 --- [restartedMain] j.LocalContainerEntityManagerFactoryBean : Initialized JPA EntityManagerFactory for persistence unit 'default'
2022-05-06 14:24:04.358  WARN 6508 --- [restartedMain] JpaBaseConfiguration$JpaWebConfiguration : spring.jpa.open-in-view is enabled by default. Therefore, database queries may be performed during view rendering. Explicitly configure spring.jpa.open-in-view to disable this warning
2022-05-06 14:24:04.776  WARN 6508 --- [restartedMain] o.s.s.c.a.web.builders.WebSecurity       : You are asking Spring Security to ignore Ant [pattern='/images/**']. This is not recommended -- please use permitAll via HttpSecurity#authorizeHttpRequests instead.
2022-05-06 14:24:04.776  INFO 6508 --- [restartedMain] o.s.s.web.DefaultSecurityFilterChain     : Will not secure Ant [pattern='/images/**']
2022-05-06 14:24:04.777  WARN 6508 --- [restartedMain] o.s.s.c.a.web.builders.WebSecurity       : You are asking Spring Security to ignore Ant [pattern='/js/**']. This is not recommended -- please use permitAll via HttpSecurity#authorizeHttpRequests instead.
2022-05-06 14:24:04.777  INFO 6508 --- [restartedMain] o.s.s.web.DefaultSecurityFilterChain     : Will not secure Ant [pattern='/js/**']
2022-05-06 14:24:04.777  WARN 6508 --- [restartedMain] o.s.s.c.a.web.builders.WebSecurity       : You are asking Spring Security to ignore Ant [pattern='/webjars/**']. This is not recommended -- please use permitAll via HttpSecurity#authorizeHttpRequests instead.
2022-05-06 14:24:04.777  INFO 6508 --- [restartedMain] o.s.s.web.DefaultSecurityFilterChain     : Will not secure Ant [pattern='/webjars/**']
2022-05-06 14:24:04.803  INFO 6508 --- [restartedMain] o.s.s.web.DefaultSecurityFilterChain     : Will secure any request with [org.springframework.security.web.context.request.async.WebAsyncManagerIntegrationFilter@c8fc873, org.springframework.security.web.context.SecurityContextPersistenceFilter@20abee7e, org.springframework.security.web.header.HeaderWriterFilter@550bdc61, org.springframework.security.web.csrf.CsrfFilter@6d81e3e1, org.springframework.security.web.authentication.logout.LogoutFilter@9bfcec3, org.springframework.security.web.authentication.UsernamePasswordAuthenticationFilter@31c871c5, org.springframework.security.web.savedrequest.RequestCacheAwareFilter@31fe7652, org.springframework.security.web.servletapi.SecurityContextHolderAwareRequestFilter@24ec5f1, org.springframework.security.web.authentication.rememberme.RememberMeAuthenticationFilter@7f88691b, org.springframework.security.web.authentication.AnonymousAuthenticationFilter@83a089a, org.springframework.security.web.session.SessionManagementFilter@11c1da98, org.springframework.security.web.access.ExceptionTranslationFilter@67b3cce3, org.springframework.security.web.access.intercept.FilterSecurityInterceptor@54461079]
2022-05-06 14:24:04.937  INFO 6508 --- [restartedMain] o.s.b.a.w.s.WelcomePageHandlerMapping    : Adding welcome page template: index
2022-05-06 14:24:05.210  INFO 6508 --- [restartedMain] o.s.b.d.a.OptionalLiveReloadServer       : LiveReload server is running on port 35729
2022-05-06 14:24:05.236  INFO 6508 --- [restartedMain] o.s.b.w.embedded.tomcat.TomcatWebServer  : Tomcat started on port(s): 8083 (http) with context path '/ShopmeAdmin'
2022-05-06 14:24:05.242  INFO 6508 --- [restartedMain] c.shopme.admin.ShopmeBackEndApplication  : Started ShopmeBackEndApplication in 3.244 seconds (JVM running for 3.821)
2022-05-06 14:27:45.589  INFO 6508 --- [Thread-5] j.LocalContainerEntityManagerFactoryBean : Closing JPA EntityManagerFactory for persistence unit 'default'
2022-05-06 14:27:45.591  INFO 6508 --- [Thread-5] com.zaxxer.hikari.HikariDataSource       : HikariPool-1 - Shutdown initiated...
2022-05-06 14:27:45.596  INFO 6508 --- [Thread-5] com.zaxxer.hikari.HikariDataSource       : HikariPool-1 - Shutdown completed.
2022-05-06 14:27:45.658  INFO 6508 --- [restartedMain] c.shopme.admin.ShopmeBackEndApplication  : Starting ShopmeBackEndApplication using Java 11 on DESKTOP-VSRP01J with PID 6508 (D:\Java\Project\ShopmeEcommerce\ShopmeProject\ShopmeWebParent\ShopmeBackEnd\target\classes started by DELL in D:\Java\Project\ShopmeEcommerce\ShopmeProject\ShopmeWebParent\ShopmeBackEnd)
2022-05-06 14:27:45.658  INFO 6508 --- [restartedMain] c.shopme.admin.ShopmeBackEndApplication  : No active profile set, falling back to 1 default profile: "default"
2022-05-06 14:27:45.787  INFO 6508 --- [restartedMain] .s.d.r.c.RepositoryConfigurationDelegate : Bootstrapping Spring Data JPA repositories in DEFAULT mode.
2022-05-06 14:27:45.796  INFO 6508 --- [restartedMain] .s.d.r.c.RepositoryConfigurationDelegate : Finished Spring Data repository scanning in 8 ms. Found 2 JPA repository interfaces.
2022-05-06 14:27:45.865  INFO 6508 --- [restartedMain] o.s.b.w.embedded.tomcat.TomcatWebServer  : Tomcat initialized with port(s): 8083 (http)
2022-05-06 14:27:45.865  INFO 6508 --- [restartedMain] o.apache.catalina.core.StandardService   : Starting service [Tomcat]
2022-05-06 14:27:45.866  INFO 6508 --- [restartedMain] org.apache.catalina.core.StandardEngine  : Starting Servlet engine: [Apache Tomcat/9.0.62]
2022-05-06 14:27:45.882  INFO 6508 --- [restartedMain] o.a.c.c.C.[.[localhost].[/ShopmeAdmin]   : Initializing Spring embedded WebApplicationContext
2022-05-06 14:27:45.882  INFO 6508 --- [restartedMain] w.s.c.ServletWebServerApplicationContext : Root WebApplicationContext: initialization completed in 222 ms
2022-05-06 14:27:45.909  INFO 6508 --- [restartedMain] o.hibernate.jpa.internal.util.LogHelper  : HHH000204: Processing PersistenceUnitInfo [name: default]
2022-05-06 14:27:45.914  INFO 6508 --- [restartedMain] com.zaxxer.hikari.HikariDataSource       : HikariPool-2 - Starting...
2022-05-06 14:27:45.924  INFO 6508 --- [restartedMain] com.zaxxer.hikari.HikariDataSource       : HikariPool-2 - Start completed.
2022-05-06 14:27:45.925  INFO 6508 --- [restartedMain] org.hibernate.dialect.Dialect            : HHH000400: Using dialect: org.hibernate.dialect.MySQL8Dialect
2022-05-06 14:27:45.962  INFO 6508 --- [restartedMain] o.h.e.t.j.p.i.JtaPlatformInitiator       : HHH000490: Using JtaPlatform implementation: [org.hibernate.engine.transaction.jta.platform.internal.NoJtaPlatform]
2022-05-06 14:27:45.962  INFO 6508 --- [restartedMain] j.LocalContainerEntityManagerFactoryBean : Initialized JPA EntityManagerFactory for persistence unit 'default'
2022-05-06 14:27:45.976  WARN 6508 --- [restartedMain] JpaBaseConfiguration$JpaWebConfiguration : spring.jpa.open-in-view is enabled by default. Therefore, database queries may be performed during view rendering. Explicitly configure spring.jpa.open-in-view to disable this warning
2022-05-06 14:27:46.042  WARN 6508 --- [restartedMain] o.s.s.c.a.web.builders.WebSecurity       : You are asking Spring Security to ignore Ant [pattern='/images/**']. This is not recommended -- please use permitAll via HttpSecurity#authorizeHttpRequests instead.
2022-05-06 14:27:46.042  INFO 6508 --- [restartedMain] o.s.s.web.DefaultSecurityFilterChain     : Will not secure Ant [pattern='/images/**']
2022-05-06 14:27:46.042  WARN 6508 --- [restartedMain] o.s.s.c.a.web.builders.WebSecurity       : You are asking Spring Security to ignore Ant [pattern='/js/**']. This is not recommended -- please use permitAll via HttpSecurity#authorizeHttpRequests instead.
2022-05-06 14:27:46.042  INFO 6508 --- [restartedMain] o.s.s.web.DefaultSecurityFilterChain     : Will not secure Ant [pattern='/js/**']
2022-05-06 14:27:46.042  WARN 6508 --- [restartedMain] o.s.s.c.a.web.builders.WebSecurity       : You are asking Spring Security to ignore Ant [pattern='/webjars/**']. This is not recommended -- please use permitAll via HttpSecurity#authorizeHttpRequests instead.
2022-05-06 14:27:46.042  INFO 6508 --- [restartedMain] o.s.s.web.DefaultSecurityFilterChain     : Will not secure Ant [pattern='/webjars/**']
2022-05-06 14:27:46.048  INFO 6508 --- [restartedMain] o.s.s.web.DefaultSecurityFilterChain     : Will secure any request with [org.springframework.security.web.context.request.async.WebAsyncManagerIntegrationFilter@272a457a, org.springframework.security.web.context.SecurityContextPersistenceFilter@924b912, org.springframework.security.web.header.HeaderWriterFilter@7c2c7b8d, org.springframework.security.web.csrf.CsrfFilter@35bf1441, org.springframework.security.web.authentication.logout.LogoutFilter@72a553de, org.springframework.security.web.authentication.UsernamePasswordAuthenticationFilter@32533245, org.springframework.security.web.savedrequest.RequestCacheAwareFilter@2019a733, org.springframework.security.web.servletapi.SecurityContextHolderAwareRequestFilter@3ff640ae, org.springframework.security.web.authentication.rememberme.RememberMeAuthenticationFilter@e973361, org.springframework.security.web.authentication.AnonymousAuthenticationFilter@4d27d4fb, org.springframework.security.web.session.SessionManagementFilter@4474a0c1, org.springframework.security.web.access.ExceptionTranslationFilter@6ac86b9e, org.springframework.security.web.access.intercept.FilterSecurityInterceptor@54f7c216]
2022-05-06 14:27:46.081  INFO 6508 --- [restartedMain] o.s.b.a.w.s.WelcomePageHandlerMapping    : Adding welcome page template: index
2022-05-06 14:27:46.226  INFO 6508 --- [restartedMain] o.s.b.d.a.OptionalLiveReloadServer       : LiveReload server is running on port 35729
2022-05-06 14:27:46.236  INFO 6508 --- [restartedMain] o.s.b.w.embedded.tomcat.TomcatWebServer  : Tomcat started on port(s): 8083 (http) with context path '/ShopmeAdmin'
2022-05-06 14:27:46.239  INFO 6508 --- [restartedMain] c.shopme.admin.ShopmeBackEndApplication  : Started ShopmeBackEndApplication in 0.604 seconds (JVM running for 224.818)
2022-05-06 14:27:46.241  INFO 6508 --- [restartedMain] .ConditionEvaluationDeltaLoggingListener : Condition evaluation unchanged
2022-05-06 14:28:05.101  INFO 6508 --- [Thread-7] j.LocalContainerEntityManagerFactoryBean : Closing JPA EntityManagerFactory for persistence unit 'default'
2022-05-06 14:28:05.102  INFO 6508 --- [Thread-7] com.zaxxer.hikari.HikariDataSource       : HikariPool-2 - Shutdown initiated...
2022-05-06 14:28:05.107  INFO 6508 --- [Thread-7] com.zaxxer.hikari.HikariDataSource       : HikariPool-2 - Shutdown completed.
2022-05-06 14:28:05.156  INFO 6508 --- [restartedMain] c.shopme.admin.ShopmeBackEndApplication  : Starting ShopmeBackEndApplication using Java 11 on DESKTOP-VSRP01J with PID 6508 (D:\Java\Project\ShopmeEcommerce\ShopmeProject\ShopmeWebParent\ShopmeBackEnd\target\classes started by DELL in D:\Java\Project\ShopmeEcommerce\ShopmeProject\ShopmeWebParent\ShopmeBackEnd)
2022-05-06 14:28:05.156  INFO 6508 --- [restartedMain] c.shopme.admin.ShopmeBackEndApplication  : No active profile set, falling back to 1 default profile: "default"
2022-05-06 14:28:05.278  INFO 6508 --- [restartedMain] .s.d.r.c.RepositoryConfigurationDelegate : Bootstrapping Spring Data JPA repositories in DEFAULT mode.
2022-05-06 14:28:05.287  INFO 6508 --- [restartedMain] .s.d.r.c.RepositoryConfigurationDelegate : Finished Spring Data repository scanning in 8 ms. Found 2 JPA repository interfaces.
2022-05-06 14:28:05.352  INFO 6508 --- [restartedMain] o.s.b.w.embedded.tomcat.TomcatWebServer  : Tomcat initialized with port(s): 8083 (http)
2022-05-06 14:28:05.353  INFO 6508 --- [restartedMain] o.apache.catalina.core.StandardService   : Starting service [Tomcat]
2022-05-06 14:28:05.353  INFO 6508 --- [restartedMain] org.apache.catalina.core.StandardEngine  : Starting Servlet engine: [Apache Tomcat/9.0.62]
2022-05-06 14:28:05.367  INFO 6508 --- [restartedMain] o.a.c.c.C.[.[localhost].[/ShopmeAdmin]   : Initializing Spring embedded WebApplicationContext
2022-05-06 14:28:05.368  INFO 6508 --- [restartedMain] w.s.c.ServletWebServerApplicationContext : Root WebApplicationContext: initialization completed in 210 ms
2022-05-06 14:28:05.393  INFO 6508 --- [restartedMain] o.hibernate.jpa.internal.util.LogHelper  : HHH000204: Processing PersistenceUnitInfo [name: default]
2022-05-06 14:28:05.397  INFO 6508 --- [restartedMain] com.zaxxer.hikari.HikariDataSource       : HikariPool-3 - Starting...
2022-05-06 14:28:05.406  INFO 6508 --- [restartedMain] com.zaxxer.hikari.HikariDataSource       : HikariPool-3 - Start completed.
2022-05-06 14:28:05.407  INFO 6508 --- [restartedMain] org.hibernate.dialect.Dialect            : HHH000400: Using dialect: org.hibernate.dialect.MySQL8Dialect
2022-05-06 14:28:05.444  INFO 6508 --- [restartedMain] o.h.e.t.j.p.i.JtaPlatformInitiator       : HHH000490: Using JtaPlatform implementation: [org.hibernate.engine.transaction.jta.platform.internal.NoJtaPlatform]
2022-05-06 14:28:05.444  INFO 6508 --- [restartedMain] j.LocalContainerEntityManagerFactoryBean : Initialized JPA EntityManagerFactory for persistence unit 'default'
2022-05-06 14:28:05.457  WARN 6508 --- [restartedMain] JpaBaseConfiguration$JpaWebConfiguration : spring.jpa.open-in-view is enabled by default. Therefore, database queries may be performed during view rendering. Explicitly configure spring.jpa.open-in-view to disable this warning
2022-05-06 14:28:05.522  WARN 6508 --- [restartedMain] o.s.s.c.a.web.builders.WebSecurity       : You are asking Spring Security to ignore Ant [pattern='/images/**']. This is not recommended -- please use permitAll via HttpSecurity#authorizeHttpRequests instead.
2022-05-06 14:28:05.522  INFO 6508 --- [restartedMain] o.s.s.web.DefaultSecurityFilterChain     : Will not secure Ant [pattern='/images/**']
2022-05-06 14:28:05.522  WARN 6508 --- [restartedMain] o.s.s.c.a.web.builders.WebSecurity       : You are asking Spring Security to ignore Ant [pattern='/js/**']. This is not recommended -- please use permitAll via HttpSecurity#authorizeHttpRequests instead.
2022-05-06 14:28:05.522  INFO 6508 --- [restartedMain] o.s.s.web.DefaultSecurityFilterChain     : Will not secure Ant [pattern='/js/**']
2022-05-06 14:28:05.522  WARN 6508 --- [restartedMain] o.s.s.c.a.web.builders.WebSecurity       : You are asking Spring Security to ignore Ant [pattern='/webjars/**']. This is not recommended -- please use permitAll via HttpSecurity#authorizeHttpRequests instead.
2022-05-06 14:28:05.522  INFO 6508 --- [restartedMain] o.s.s.web.DefaultSecurityFilterChain     : Will not secure Ant [pattern='/webjars/**']
2022-05-06 14:28:05.527  INFO 6508 --- [restartedMain] o.s.s.web.DefaultSecurityFilterChain     : Will secure any request with [org.springframework.security.web.context.request.async.WebAsyncManagerIntegrationFilter@b902715, org.springframework.security.web.context.SecurityContextPersistenceFilter@6b7a7aca, org.springframework.security.web.header.HeaderWriterFilter@512990f4, org.springframework.security.web.csrf.CsrfFilter@4c1ee801, org.springframework.security.web.authentication.logout.LogoutFilter@77159a71, org.springframework.security.web.authentication.UsernamePasswordAuthenticationFilter@5acf203b, org.springframework.security.web.savedrequest.RequestCacheAwareFilter@7cf2e8a5, org.springframework.security.web.servletapi.SecurityContextHolderAwareRequestFilter@614169ff, org.springframework.security.web.authentication.rememberme.RememberMeAuthenticationFilter@11998fc5, org.springframework.security.web.authentication.AnonymousAuthenticationFilter@1f568dbd, org.springframework.security.web.session.SessionManagementFilter@501fde28, org.springframework.security.web.access.ExceptionTranslationFilter@6b1f9010, org.springframework.security.web.access.intercept.FilterSecurityInterceptor@4b5be123]
2022-05-06 14:28:05.560  INFO 6508 --- [restartedMain] o.s.b.a.w.s.WelcomePageHandlerMapping    : Adding welcome page template: index
2022-05-06 14:28:05.699  INFO 6508 --- [restartedMain] o.s.b.d.a.OptionalLiveReloadServer       : LiveReload server is running on port 35729
2022-05-06 14:28:05.708  INFO 6508 --- [restartedMain] o.s.b.w.embedded.tomcat.TomcatWebServer  : Tomcat started on port(s): 8083 (http) with context path '/ShopmeAdmin'
2022-05-06 14:28:05.712  INFO 6508 --- [restartedMain] c.shopme.admin.ShopmeBackEndApplication  : Started ShopmeBackEndApplication in 0.576 seconds (JVM running for 244.29)
2022-05-06 14:28:05.713  INFO 6508 --- [restartedMain] .ConditionEvaluationDeltaLoggingListener : Condition evaluation unchanged
2022-05-06 14:28:24.587  INFO 6508 --- [Thread-11] j.LocalContainerEntityManagerFactoryBean : Closing JPA EntityManagerFactory for persistence unit 'default'
2022-05-06 14:28:24.588  INFO 6508 --- [Thread-11] com.zaxxer.hikari.HikariDataSource       : HikariPool-3 - Shutdown initiated...
2022-05-06 14:28:24.592  INFO 6508 --- [Thread-11] com.zaxxer.hikari.HikariDataSource       : HikariPool-3 - Shutdown completed.
2022-05-06 14:28:24.642  INFO 6508 --- [restartedMain] c.shopme.admin.ShopmeBackEndApplication  : Starting ShopmeBackEndApplication using Java 11 on DESKTOP-VSRP01J with PID 6508 (D:\Java\Project\ShopmeEcommerce\ShopmeProject\ShopmeWebParent\ShopmeBackEnd\target\classes started by DELL in D:\Java\Project\ShopmeEcommerce\ShopmeProject\ShopmeWebParent\ShopmeBackEnd)
2022-05-06 14:28:24.642  INFO 6508 --- [restartedMain] c.shopme.admin.ShopmeBackEndApplication  : No active profile set, falling back to 1 default profile: "default"
2022-05-06 14:28:24.761  INFO 6508 --- [restartedMain] .s.d.r.c.RepositoryConfigurationDelegate : Bootstrapping Spring Data JPA repositories in DEFAULT mode.
2022-05-06 14:28:24.769  INFO 6508 --- [restartedMain] .s.d.r.c.RepositoryConfigurationDelegate : Finished Spring Data repository scanning in 7 ms. Found 2 JPA repository interfaces.
2022-05-06 14:28:24.831  INFO 6508 --- [restartedMain] o.s.b.w.embedded.tomcat.TomcatWebServer  : Tomcat initialized with port(s): 8083 (http)
2022-05-06 14:28:24.832  INFO 6508 --- [restartedMain] o.apache.catalina.core.StandardService   : Starting service [Tomcat]
2022-05-06 14:28:24.832  INFO 6508 --- [restartedMain] org.apache.catalina.core.StandardEngine  : Starting Servlet engine: [Apache Tomcat/9.0.62]
2022-05-06 14:28:24.845  INFO 6508 --- [restartedMain] o.a.c.c.C.[.[localhost].[/ShopmeAdmin]   : Initializing Spring embedded WebApplicationContext
2022-05-06 14:28:24.845  INFO 6508 --- [restartedMain] w.s.c.ServletWebServerApplicationContext : Root WebApplicationContext: initialization completed in 201 ms
2022-05-06 14:28:24.868  INFO 6508 --- [restartedMain] o.hibernate.jpa.internal.util.LogHelper  : HHH000204: Processing PersistenceUnitInfo [name: default]
2022-05-06 14:28:24.873  INFO 6508 --- [restartedMain] com.zaxxer.hikari.HikariDataSource       : HikariPool-4 - Starting...
2022-05-06 14:28:24.882  INFO 6508 --- [restartedMain] com.zaxxer.hikari.HikariDataSource       : HikariPool-4 - Start completed.
2022-05-06 14:28:24.882  INFO 6508 --- [restartedMain] org.hibernate.dialect.Dialect            : HHH000400: Using dialect: org.hibernate.dialect.MySQL8Dialect
2022-05-06 14:28:24.914  INFO 6508 --- [restartedMain] o.h.e.t.j.p.i.JtaPlatformInitiator       : HHH000490: Using JtaPlatform implementation: [org.hibernate.engine.transaction.jta.platform.internal.NoJtaPlatform]
2022-05-06 14:28:24.915  INFO 6508 --- [restartedMain] j.LocalContainerEntityManagerFactoryBean : Initialized JPA EntityManagerFactory for persistence unit 'default'
2022-05-06 14:28:24.928  WARN 6508 --- [restartedMain] JpaBaseConfiguration$JpaWebConfiguration : spring.jpa.open-in-view is enabled by default. Therefore, database queries may be performed during view rendering. Explicitly configure spring.jpa.open-in-view to disable this warning
2022-05-06 14:28:24.988  WARN 6508 --- [restartedMain] o.s.s.c.a.web.builders.WebSecurity       : You are asking Spring Security to ignore Ant [pattern='/images/**']. This is not recommended -- please use permitAll via HttpSecurity#authorizeHttpRequests instead.
2022-05-06 14:28:24.988  INFO 6508 --- [restartedMain] o.s.s.web.DefaultSecurityFilterChain     : Will not secure Ant [pattern='/images/**']
2022-05-06 14:28:24.988  WARN 6508 --- [restartedMain] o.s.s.c.a.web.builders.WebSecurity       : You are asking Spring Security to ignore Ant [pattern='/js/**']. This is not recommended -- please use permitAll via HttpSecurity#authorizeHttpRequests instead.
2022-05-06 14:28:24.988  INFO 6508 --- [restartedMain] o.s.s.web.DefaultSecurityFilterChain     : Will not secure Ant [pattern='/js/**']
2022-05-06 14:28:24.988  WARN 6508 --- [restartedMain] o.s.s.c.a.web.builders.WebSecurity       : You are asking Spring Security to ignore Ant [pattern='/webjars/**']. This is not recommended -- please use permitAll via HttpSecurity#authorizeHttpRequests instead.
2022-05-06 14:28:24.988  INFO 6508 --- [restartedMain] o.s.s.web.DefaultSecurityFilterChain     : Will not secure Ant [pattern='/webjars/**']
2022-05-06 14:28:24.993  INFO 6508 --- [restartedMain] o.s.s.web.DefaultSecurityFilterChain     : Will secure any request with [org.springframework.security.web.context.request.async.WebAsyncManagerIntegrationFilter@429a3509, org.springframework.security.web.context.SecurityContextPersistenceFilter@36ea29a1, org.springframework.security.web.header.HeaderWriterFilter@230f7dc4, org.springframework.security.web.csrf.CsrfFilter@554ecaf, org.springframework.security.web.authentication.logout.LogoutFilter@2910ebdd, org.springframework.security.web.authentication.UsernamePasswordAuthenticationFilter@71bfe2e0, org.springframework.security.web.savedrequest.RequestCacheAwareFilter@4e38fc2a, org.springframework.security.web.servletapi.SecurityContextHolderAwareRequestFilter@16815974, org.springframework.security.web.authentication.rememberme.RememberMeAuthenticationFilter@260dcecd, org.springframework.security.web.authentication.AnonymousAuthenticationFilter@3467dcc7, org.springframework.security.web.session.SessionManagementFilter@14798e15, org.springframework.security.web.access.ExceptionTranslationFilter@6423913f, org.springframework.security.web.access.intercept.FilterSecurityInterceptor@149c42e7]
2022-05-06 14:28:25.022  INFO 6508 --- [restartedMain] o.s.b.a.w.s.WelcomePageHandlerMapping    : Adding welcome page template: index
2022-05-06 14:28:25.155  INFO 6508 --- [restartedMain] o.s.b.d.a.OptionalLiveReloadServer       : LiveReload server is running on port 35729
2022-05-06 14:28:25.164  INFO 6508 --- [restartedMain] o.s.b.w.embedded.tomcat.TomcatWebServer  : Tomcat started on port(s): 8083 (http) with context path '/ShopmeAdmin'
2022-05-06 14:28:25.167  INFO 6508 --- [restartedMain] c.shopme.admin.ShopmeBackEndApplication  : Started ShopmeBackEndApplication in 0.546 seconds (JVM running for 263.746)
2022-05-06 14:28:25.168  INFO 6508 --- [restartedMain] .ConditionEvaluationDeltaLoggingListener : Condition evaluation unchanged
2022-05-06 14:28:49.222  INFO 6508 --- [Thread-15] j.LocalContainerEntityManagerFactoryBean : Closing JPA EntityManagerFactory for persistence unit 'default'
2022-05-06 14:28:49.223  INFO 6508 --- [Thread-15] com.zaxxer.hikari.HikariDataSource       : HikariPool-4 - Shutdown initiated...
2022-05-06 14:28:49.226  INFO 6508 --- [Thread-15] com.zaxxer.hikari.HikariDataSource       : HikariPool-4 - Shutdown completed.
2022-05-06 14:28:49.276  INFO 6508 --- [restartedMain] c.shopme.admin.ShopmeBackEndApplication  : Starting ShopmeBackEndApplication using Java 11 on DESKTOP-VSRP01J with PID 6508 (D:\Java\Project\ShopmeEcommerce\ShopmeProject\ShopmeWebParent\ShopmeBackEnd\target\classes started by DELL in D:\Java\Project\ShopmeEcommerce\ShopmeProject\ShopmeWebParent\ShopmeBackEnd)
2022-05-06 14:28:49.276  INFO 6508 --- [restartedMain] c.shopme.admin.ShopmeBackEndApplication  : No active profile set, falling back to 1 default profile: "default"
2022-05-06 14:28:49.395  INFO 6508 --- [restartedMain] .s.d.r.c.RepositoryConfigurationDelegate : Bootstrapping Spring Data JPA repositories in DEFAULT mode.
2022-05-06 14:28:49.403  INFO 6508 --- [restartedMain] .s.d.r.c.RepositoryConfigurationDelegate : Finished Spring Data repository scanning in 8 ms. Found 2 JPA repository interfaces.
2022-05-06 14:28:49.464  INFO 6508 --- [restartedMain] o.s.b.w.embedded.tomcat.TomcatWebServer  : Tomcat initialized with port(s): 8083 (http)
2022-05-06 14:28:49.465  INFO 6508 --- [restartedMain] o.apache.catalina.core.StandardService   : Starting service [Tomcat]
2022-05-06 14:28:49.465  INFO 6508 --- [restartedMain] org.apache.catalina.core.StandardEngine  : Starting Servlet engine: [Apache Tomcat/9.0.62]
2022-05-06 14:28:49.478  INFO 6508 --- [restartedMain] o.a.c.c.C.[.[localhost].[/ShopmeAdmin]   : Initializing Spring embedded WebApplicationContext
2022-05-06 14:28:49.478  INFO 6508 --- [restartedMain] w.s.c.ServletWebServerApplicationContext : Root WebApplicationContext: initialization completed in 200 ms
2022-05-06 14:28:49.503  INFO 6508 --- [restartedMain] o.hibernate.jpa.internal.util.LogHelper  : HHH000204: Processing PersistenceUnitInfo [name: default]
2022-05-06 14:28:49.507  INFO 6508 --- [restartedMain] com.zaxxer.hikari.HikariDataSource       : HikariPool-5 - Starting...
2022-05-06 14:28:49.515  INFO 6508 --- [restartedMain] com.zaxxer.hikari.HikariDataSource       : HikariPool-5 - Start completed.
2022-05-06 14:28:49.515  INFO 6508 --- [restartedMain] org.hibernate.dialect.Dialect            : HHH000400: Using dialect: org.hibernate.dialect.MySQL8Dialect
2022-05-06 14:28:49.547  INFO 6508 --- [restartedMain] o.h.e.t.j.p.i.JtaPlatformInitiator       : HHH000490: Using JtaPlatform implementation: [org.hibernate.engine.transaction.jta.platform.internal.NoJtaPlatform]
2022-05-06 14:28:49.548  INFO 6508 --- [restartedMain] j.LocalContainerEntityManagerFactoryBean : Initialized JPA EntityManagerFactory for persistence unit 'default'
2022-05-06 14:28:49.561  WARN 6508 --- [restartedMain] JpaBaseConfiguration$JpaWebConfiguration : spring.jpa.open-in-view is enabled by default. Therefore, database queries may be performed during view rendering. Explicitly configure spring.jpa.open-in-view to disable this warning
2022-05-06 14:28:49.621  WARN 6508 --- [restartedMain] o.s.s.c.a.web.builders.WebSecurity       : You are asking Spring Security to ignore Ant [pattern='/images/**']. This is not recommended -- please use permitAll via HttpSecurity#authorizeHttpRequests instead.
2022-05-06 14:28:49.621  INFO 6508 --- [restartedMain] o.s.s.web.DefaultSecurityFilterChain     : Will not secure Ant [pattern='/images/**']
2022-05-06 14:28:49.621  WARN 6508 --- [restartedMain] o.s.s.c.a.web.builders.WebSecurity       : You are asking Spring Security to ignore Ant [pattern='/js/**']. This is not recommended -- please use permitAll via HttpSecurity#authorizeHttpRequests instead.
2022-05-06 14:28:49.622  INFO 6508 --- [restartedMain] o.s.s.web.DefaultSecurityFilterChain     : Will not secure Ant [pattern='/js/**']
2022-05-06 14:28:49.622  WARN 6508 --- [restartedMain] o.s.s.c.a.web.builders.WebSecurity       : You are asking Spring Security to ignore Ant [pattern='/webjars/**']. This is not recommended -- please use permitAll via HttpSecurity#authorizeHttpRequests instead.
2022-05-06 14:28:49.622  INFO 6508 --- [restartedMain] o.s.s.web.DefaultSecurityFilterChain     : Will not secure Ant [pattern='/webjars/**']
2022-05-06 14:28:49.626  INFO 6508 --- [restartedMain] o.s.s.web.DefaultSecurityFilterChain     : Will secure any request with [org.springframework.security.web.context.request.async.WebAsyncManagerIntegrationFilter@27222930, org.springframework.security.web.context.SecurityContextPersistenceFilter@72f0a335, org.springframework.security.web.header.HeaderWriterFilter@7eb41311, org.springframework.security.web.csrf.CsrfFilter@36e8e554, org.springframework.security.web.authentication.logout.LogoutFilter@275a3dfb, org.springframework.security.web.authentication.UsernamePasswordAuthenticationFilter@566053ca, org.springframework.security.web.savedrequest.RequestCacheAwareFilter@144ddc91, org.springframework.security.web.servletapi.SecurityContextHolderAwareRequestFilter@4abf7992, org.springframework.security.web.authentication.rememberme.RememberMeAuthenticationFilter@240fc152, org.springframework.security.web.authentication.AnonymousAuthenticationFilter@3fb37714, org.springframework.security.web.session.SessionManagementFilter@343344c, org.springframework.security.web.access.ExceptionTranslationFilter@2b09ba40, org.springframework.security.web.access.intercept.FilterSecurityInterceptor@3655cb93]
2022-05-06 14:28:49.654  INFO 6508 --- [restartedMain] o.s.b.a.w.s.WelcomePageHandlerMapping    : Adding welcome page template: index
2022-05-06 14:28:49.787  INFO 6508 --- [restartedMain] o.s.b.d.a.OptionalLiveReloadServer       : LiveReload server is running on port 35729
2022-05-06 14:28:49.794  INFO 6508 --- [restartedMain] o.s.b.w.embedded.tomcat.TomcatWebServer  : Tomcat started on port(s): 8083 (http) with context path '/ShopmeAdmin'
2022-05-06 14:28:49.798  INFO 6508 --- [restartedMain] c.shopme.admin.ShopmeBackEndApplication  : Started ShopmeBackEndApplication in 0.54 seconds (JVM running for 288.376)
2022-05-06 14:28:49.799  INFO 6508 --- [restartedMain] .ConditionEvaluationDeltaLoggingListener : Condition evaluation unchanged
2022-05-06 14:28:52.772  INFO 6508 --- [RMI TCP Connection(24)-127.0.0.1] inMXBeanRegistrar$SpringApplicationAdmin : Application shutdown requested.
2022-05-06 14:28:52.879  INFO 6508 --- [RMI TCP Connection(24)-127.0.0.1] j.LocalContainerEntityManagerFactoryBean : Closing JPA EntityManagerFactory for persistence unit 'default'
2022-05-06 14:28:52.880  INFO 6508 --- [RMI TCP Connection(24)-127.0.0.1] com.zaxxer.hikari.HikariDataSource       : HikariPool-5 - Shutdown initiated...
2022-05-06 14:28:52.884  INFO 6508 --- [RMI TCP Connection(24)-127.0.0.1] com.zaxxer.hikari.HikariDataSource       : HikariPool-5 - Shutdown completed.
2022-05-06 14:28:54.854  INFO 13508 --- [restartedMain] c.shopme.admin.ShopmeBackEndApplication  : Starting ShopmeBackEndApplication using Java 11 on DESKTOP-VSRP01J with PID 13508 (D:\Java\Project\ShopmeEcommerce\ShopmeProject\ShopmeWebParent\ShopmeBackEnd\target\classes started by DELL in D:\Java\Project\ShopmeEcommerce\ShopmeProject\ShopmeWebParent\ShopmeBackEnd)
2022-05-06 14:28:54.855  INFO 13508 --- [restartedMain] c.shopme.admin.ShopmeBackEndApplication  : No active profile set, falling back to 1 default profile: "default"
2022-05-06 14:28:54.886  INFO 13508 --- [restartedMain] .e.DevToolsPropertyDefaultsPostProcessor : Devtools property defaults active! Set 'spring.devtools.add-properties' to 'false' to disable
2022-05-06 14:28:54.887  INFO 13508 --- [restartedMain] .e.DevToolsPropertyDefaultsPostProcessor : For additional web related logging consider setting the 'logging.level.web' property to 'DEBUG'
2022-05-06 14:28:55.343  INFO 13508 --- [restartedMain] .s.d.r.c.RepositoryConfigurationDelegate : Bootstrapping Spring Data JPA repositories in DEFAULT mode.
2022-05-06 14:28:55.392  INFO 13508 --- [restartedMain] .s.d.r.c.RepositoryConfigurationDelegate : Finished Spring Data repository scanning in 42 ms. Found 2 JPA repository interfaces.
2022-05-06 14:28:55.816  INFO 13508 --- [restartedMain] o.s.b.w.embedded.tomcat.TomcatWebServer  : Tomcat initialized with port(s): 8083 (http)
2022-05-06 14:28:55.823  INFO 13508 --- [restartedMain] o.apache.catalina.core.StandardService   : Starting service [Tomcat]
2022-05-06 14:28:55.824  INFO 13508 --- [restartedMain] org.apache.catalina.core.StandardEngine  : Starting Servlet engine: [Apache Tomcat/9.0.62]
2022-05-06 14:28:55.889  INFO 13508 --- [restartedMain] o.a.c.c.C.[.[localhost].[/ShopmeAdmin]   : Initializing Spring embedded WebApplicationContext
2022-05-06 14:28:55.890  INFO 13508 --- [restartedMain] w.s.c.ServletWebServerApplicationContext : Root WebApplicationContext: initialization completed in 1002 ms
2022-05-06 14:28:56.030  INFO 13508 --- [restartedMain] o.hibernate.jpa.internal.util.LogHelper  : HHH000204: Processing PersistenceUnitInfo [name: default]
2022-05-06 14:28:56.069  INFO 13508 --- [restartedMain] org.hibernate.Version                    : HHH000412: Hibernate ORM core version 5.6.8.Final
2022-05-06 14:28:56.196  INFO 13508 --- [restartedMain] o.hibernate.annotations.common.Version   : HCANN000001: Hibernate Commons Annotations {5.1.2.Final}
2022-05-06 14:28:56.281  INFO 13508 --- [restartedMain] com.zaxxer.hikari.HikariDataSource       : HikariPool-1 - Starting...
2022-05-06 14:28:56.466  INFO 13508 --- [restartedMain] com.zaxxer.hikari.HikariDataSource       : HikariPool-1 - Start completed.
2022-05-06 14:28:56.479  INFO 13508 --- [restartedMain] org.hibernate.dialect.Dialect            : HHH000400: Using dialect: org.hibernate.dialect.MySQL8Dialect
2022-05-06 14:28:57.023  INFO 13508 --- [restartedMain] o.h.e.t.j.p.i.JtaPlatformInitiator       : HHH000490: Using JtaPlatform implementation: [org.hibernate.engine.transaction.jta.platform.internal.NoJtaPlatform]
2022-05-06 14:28:57.030  INFO 13508 --- [restartedMain] j.LocalContainerEntityManagerFactoryBean : Initialized JPA EntityManagerFactory for persistence unit 'default'
2022-05-06 14:28:57.064  WARN 13508 --- [restartedMain] JpaBaseConfiguration$JpaWebConfiguration : spring.jpa.open-in-view is enabled by default. Therefore, database queries may be performed during view rendering. Explicitly configure spring.jpa.open-in-view to disable this warning
2022-05-06 14:28:57.518  WARN 13508 --- [restartedMain] o.s.s.c.a.web.builders.WebSecurity       : You are asking Spring Security to ignore Ant [pattern='/images/**']. This is not recommended -- please use permitAll via HttpSecurity#authorizeHttpRequests instead.
2022-05-06 14:28:57.519  INFO 13508 --- [restartedMain] o.s.s.web.DefaultSecurityFilterChain     : Will not secure Ant [pattern='/images/**']
2022-05-06 14:28:57.519  WARN 13508 --- [restartedMain] o.s.s.c.a.web.builders.WebSecurity       : You are asking Spring Security to ignore Ant [pattern='/js/**']. This is not recommended -- please use permitAll via HttpSecurity#authorizeHttpRequests instead.
2022-05-06 14:28:57.519  INFO 13508 --- [restartedMain] o.s.s.web.DefaultSecurityFilterChain     : Will not secure Ant [pattern='/js/**']
2022-05-06 14:28:57.519  WARN 13508 --- [restartedMain] o.s.s.c.a.web.builders.WebSecurity       : You are asking Spring Security to ignore Ant [pattern='/webjars/**']. This is not recommended -- please use permitAll via HttpSecurity#authorizeHttpRequests instead.
2022-05-06 14:28:57.519  INFO 13508 --- [restartedMain] o.s.s.web.DefaultSecurityFilterChain     : Will not secure Ant [pattern='/webjars/**']
2022-05-06 14:28:57.548  INFO 13508 --- [restartedMain] o.s.s.web.DefaultSecurityFilterChain     : Will secure any request with [org.springframework.security.web.context.request.async.WebAsyncManagerIntegrationFilter@49c6d7f3, org.springframework.security.web.context.SecurityContextPersistenceFilter@6241e786, org.springframework.security.web.header.HeaderWriterFilter@79e38887, org.springframework.security.web.csrf.CsrfFilter@597664a5, org.springframework.security.web.authentication.logout.LogoutFilter@44a5047f, org.springframework.security.web.authentication.UsernamePasswordAuthenticationFilter@4a48efab, org.springframework.security.web.savedrequest.RequestCacheAwareFilter@5b427b1b, org.springframework.security.web.servletapi.SecurityContextHolderAwareRequestFilter@508a894e, org.springframework.security.web.authentication.rememberme.RememberMeAuthenticationFilter@47fc0903, org.springframework.security.web.authentication.AnonymousAuthenticationFilter@3828ced3, org.springframework.security.web.session.SessionManagementFilter@5e7c85a6, org.springframework.security.web.access.ExceptionTranslationFilter@20ab2b5b, org.springframework.security.web.access.intercept.FilterSecurityInterceptor@4bed5e6e]
2022-05-06 14:28:57.692  INFO 13508 --- [restartedMain] o.s.b.a.w.s.WelcomePageHandlerMapping    : Adding welcome page template: index
2022-05-06 14:28:57.977  INFO 13508 --- [restartedMain] o.s.b.d.a.OptionalLiveReloadServer       : LiveReload server is running on port 35729
2022-05-06 14:28:58.004  INFO 13508 --- [restartedMain] o.s.b.w.embedded.tomcat.TomcatWebServer  : Tomcat started on port(s): 8083 (http) with context path '/ShopmeAdmin'
2022-05-06 14:28:58.014  INFO 13508 --- [restartedMain] c.shopme.admin.ShopmeBackEndApplication  : Started ShopmeBackEndApplication in 3.42 seconds (JVM running for 4.015)
2022-05-06 14:31:55.261  INFO 13508 --- [Thread-5] j.LocalContainerEntityManagerFactoryBean : Closing JPA EntityManagerFactory for persistence unit 'default'
2022-05-06 14:31:55.263  INFO 13508 --- [Thread-5] com.zaxxer.hikari.HikariDataSource       : HikariPool-1 - Shutdown initiated...
2022-05-06 14:31:55.269  INFO 13508 --- [Thread-5] com.zaxxer.hikari.HikariDataSource       : HikariPool-1 - Shutdown completed.
2022-05-06 14:31:55.323  INFO 13508 --- [restartedMain] c.shopme.admin.ShopmeBackEndApplication  : Starting ShopmeBackEndApplication using Java 11 on DESKTOP-VSRP01J with PID 13508 (D:\Java\Project\ShopmeEcommerce\ShopmeProject\ShopmeWebParent\ShopmeBackEnd\target\classes started by DELL in D:\Java\Project\ShopmeEcommerce\ShopmeProject\ShopmeWebParent\ShopmeBackEnd)
2022-05-06 14:31:55.323  INFO 13508 --- [restartedMain] c.shopme.admin.ShopmeBackEndApplication  : No active profile set, falling back to 1 default profile: "default"
2022-05-06 14:31:55.450  INFO 13508 --- [restartedMain] .s.d.r.c.RepositoryConfigurationDelegate : Bootstrapping Spring Data JPA repositories in DEFAULT mode.
2022-05-06 14:31:55.459  INFO 13508 --- [restartedMain] .s.d.r.c.RepositoryConfigurationDelegate : Finished Spring Data repository scanning in 8 ms. Found 2 JPA repository interfaces.
2022-05-06 14:31:55.529  INFO 13508 --- [restartedMain] o.s.b.w.embedded.tomcat.TomcatWebServer  : Tomcat initialized with port(s): 8083 (http)
2022-05-06 14:31:55.529  INFO 13508 --- [restartedMain] o.apache.catalina.core.StandardService   : Starting service [Tomcat]
2022-05-06 14:31:55.529  INFO 13508 --- [restartedMain] org.apache.catalina.core.StandardEngine  : Starting Servlet engine: [Apache Tomcat/9.0.62]
2022-05-06 14:31:55.546  INFO 13508 --- [restartedMain] o.a.c.c.C.[.[localhost].[/ShopmeAdmin]   : Initializing Spring embedded WebApplicationContext
2022-05-06 14:31:55.547  INFO 13508 --- [restartedMain] w.s.c.ServletWebServerApplicationContext : Root WebApplicationContext: initialization completed in 221 ms
2022-05-06 14:31:55.572  INFO 13508 --- [restartedMain] o.hibernate.jpa.internal.util.LogHelper  : HHH000204: Processing PersistenceUnitInfo [name: default]
2022-05-06 14:31:55.577  INFO 13508 --- [restartedMain] com.zaxxer.hikari.HikariDataSource       : HikariPool-2 - Starting...
2022-05-06 14:31:55.588  INFO 13508 --- [restartedMain] com.zaxxer.hikari.HikariDataSource       : HikariPool-2 - Start completed.
2022-05-06 14:31:55.589  INFO 13508 --- [restartedMain] org.hibernate.dialect.Dialect            : HHH000400: Using dialect: org.hibernate.dialect.MySQL8Dialect
2022-05-06 14:31:55.626  INFO 13508 --- [restartedMain] o.h.e.t.j.p.i.JtaPlatformInitiator       : HHH000490: Using JtaPlatform implementation: [org.hibernate.engine.transaction.jta.platform.internal.NoJtaPlatform]
2022-05-06 14:31:55.626  INFO 13508 --- [restartedMain] j.LocalContainerEntityManagerFactoryBean : Initialized JPA EntityManagerFactory for persistence unit 'default'
2022-05-06 14:31:55.640  WARN 13508 --- [restartedMain] JpaBaseConfiguration$JpaWebConfiguration : spring.jpa.open-in-view is enabled by default. Therefore, database queries may be performed during view rendering. Explicitly configure spring.jpa.open-in-view to disable this warning
2022-05-06 14:31:55.703  WARN 13508 --- [restartedMain] o.s.s.c.a.web.builders.WebSecurity       : You are asking Spring Security to ignore Ant [pattern='/images/**']. This is not recommended -- please use permitAll via HttpSecurity#authorizeHttpRequests instead.
2022-05-06 14:31:55.704  INFO 13508 --- [restartedMain] o.s.s.web.DefaultSecurityFilterChain     : Will not secure Ant [pattern='/images/**']
2022-05-06 14:31:55.704  WARN 13508 --- [restartedMain] o.s.s.c.a.web.builders.WebSecurity       : You are asking Spring Security to ignore Ant [pattern='/js/**']. This is not recommended -- please use permitAll via HttpSecurity#authorizeHttpRequests instead.
2022-05-06 14:31:55.704  INFO 13508 --- [restartedMain] o.s.s.web.DefaultSecurityFilterChain     : Will not secure Ant [pattern='/js/**']
2022-05-06 14:31:55.704  WARN 13508 --- [restartedMain] o.s.s.c.a.web.builders.WebSecurity       : You are asking Spring Security to ignore Ant [pattern='/webjars/**']. This is not recommended -- please use permitAll via HttpSecurity#authorizeHttpRequests instead.
2022-05-06 14:31:55.704  INFO 13508 --- [restartedMain] o.s.s.web.DefaultSecurityFilterChain     : Will not secure Ant [pattern='/webjars/**']
2022-05-06 14:31:55.709  INFO 13508 --- [restartedMain] o.s.s.web.DefaultSecurityFilterChain     : Will secure any request with [org.springframework.security.web.context.request.async.WebAsyncManagerIntegrationFilter@717328df, org.springframework.security.web.context.SecurityContextPersistenceFilter@336a11a1, org.springframework.security.web.header.HeaderWriterFilter@285ab6f1, org.springframework.security.web.csrf.CsrfFilter@62193dc9, org.springframework.security.web.authentication.logout.LogoutFilter@b77cb90, org.springframework.security.web.authentication.UsernamePasswordAuthenticationFilter@674a695f, org.springframework.security.web.savedrequest.RequestCacheAwareFilter@39790a18, org.springframework.security.web.servletapi.SecurityContextHolderAwareRequestFilter@4469def8, org.springframework.security.web.authentication.rememberme.RememberMeAuthenticationFilter@4ee6ea3c, org.springframework.security.web.authentication.AnonymousAuthenticationFilter@482ba146, org.springframework.security.web.session.SessionManagementFilter@1836901b, org.springframework.security.web.access.ExceptionTranslationFilter@563b9440, org.springframework.security.web.access.intercept.FilterSecurityInterceptor@22136e51]
2022-05-06 14:31:55.742  INFO 13508 --- [restartedMain] o.s.b.a.w.s.WelcomePageHandlerMapping    : Adding welcome page template: index
2022-05-06 14:31:55.887  INFO 13508 --- [restartedMain] o.s.b.d.a.OptionalLiveReloadServer       : LiveReload server is running on port 35729
2022-05-06 14:31:55.895  INFO 13508 --- [restartedMain] o.s.b.w.embedded.tomcat.TomcatWebServer  : Tomcat started on port(s): 8083 (http) with context path '/ShopmeAdmin'
2022-05-06 14:31:55.899  INFO 13508 --- [restartedMain] c.shopme.admin.ShopmeBackEndApplication  : Started ShopmeBackEndApplication in 0.596 seconds (JVM running for 181.9)
2022-05-06 14:31:55.900  INFO 13508 --- [restartedMain] .ConditionEvaluationDeltaLoggingListener : Condition evaluation unchanged
2022-05-06 14:32:18.948  INFO 13508 --- [Thread-7] j.LocalContainerEntityManagerFactoryBean : Closing JPA EntityManagerFactory for persistence unit 'default'
2022-05-06 14:32:18.949  INFO 13508 --- [Thread-7] com.zaxxer.hikari.HikariDataSource       : HikariPool-2 - Shutdown initiated...
2022-05-06 14:32:18.953  INFO 13508 --- [Thread-7] com.zaxxer.hikari.HikariDataSource       : HikariPool-2 - Shutdown completed.
2022-05-06 14:32:19.004  INFO 13508 --- [restartedMain] c.shopme.admin.ShopmeBackEndApplication  : Starting ShopmeBackEndApplication using Java 11 on DESKTOP-VSRP01J with PID 13508 (D:\Java\Project\ShopmeEcommerce\ShopmeProject\ShopmeWebParent\ShopmeBackEnd\target\classes started by DELL in D:\Java\Project\ShopmeEcommerce\ShopmeProject\ShopmeWebParent\ShopmeBackEnd)
2022-05-06 14:32:19.004  INFO 13508 --- [restartedMain] c.shopme.admin.ShopmeBackEndApplication  : No active profile set, falling back to 1 default profile: "default"
2022-05-06 14:32:19.125  INFO 13508 --- [restartedMain] .s.d.r.c.RepositoryConfigurationDelegate : Bootstrapping Spring Data JPA repositories in DEFAULT mode.
2022-05-06 14:32:19.134  INFO 13508 --- [restartedMain] .s.d.r.c.RepositoryConfigurationDelegate : Finished Spring Data repository scanning in 8 ms. Found 2 JPA repository interfaces.
2022-05-06 14:32:19.200  INFO 13508 --- [restartedMain] o.s.b.w.embedded.tomcat.TomcatWebServer  : Tomcat initialized with port(s): 8083 (http)
2022-05-06 14:32:19.200  INFO 13508 --- [restartedMain] o.apache.catalina.core.StandardService   : Starting service [Tomcat]
2022-05-06 14:32:19.200  INFO 13508 --- [restartedMain] org.apache.catalina.core.StandardEngine  : Starting Servlet engine: [Apache Tomcat/9.0.62]
2022-05-06 14:32:19.214  INFO 13508 --- [restartedMain] o.a.c.c.C.[.[localhost].[/ShopmeAdmin]   : Initializing Spring embedded WebApplicationContext
2022-05-06 14:32:19.214  INFO 13508 --- [restartedMain] w.s.c.ServletWebServerApplicationContext : Root WebApplicationContext: initialization completed in 208 ms
2022-05-06 14:32:19.239  INFO 13508 --- [restartedMain] o.hibernate.jpa.internal.util.LogHelper  : HHH000204: Processing PersistenceUnitInfo [name: default]
2022-05-06 14:32:19.244  INFO 13508 --- [restartedMain] com.zaxxer.hikari.HikariDataSource       : HikariPool-3 - Starting...
2022-05-06 14:32:19.253  INFO 13508 --- [restartedMain] com.zaxxer.hikari.HikariDataSource       : HikariPool-3 - Start completed.
2022-05-06 14:32:19.253  INFO 13508 --- [restartedMain] org.hibernate.dialect.Dialect            : HHH000400: Using dialect: org.hibernate.dialect.MySQL8Dialect
2022-05-06 14:32:19.288  INFO 13508 --- [restartedMain] o.h.e.t.j.p.i.JtaPlatformInitiator       : HHH000490: Using JtaPlatform implementation: [org.hibernate.engine.transaction.jta.platform.internal.NoJtaPlatform]
2022-05-06 14:32:19.288  INFO 13508 --- [restartedMain] j.LocalContainerEntityManagerFactoryBean : Initialized JPA EntityManagerFactory for persistence unit 'default'
2022-05-06 14:32:19.301  WARN 13508 --- [restartedMain] JpaBaseConfiguration$JpaWebConfiguration : spring.jpa.open-in-view is enabled by default. Therefore, database queries may be performed during view rendering. Explicitly configure spring.jpa.open-in-view to disable this warning
2022-05-06 14:32:19.362  WARN 13508 --- [restartedMain] o.s.s.c.a.web.builders.WebSecurity       : You are asking Spring Security to ignore Ant [pattern='/images/**']. This is not recommended -- please use permitAll via HttpSecurity#authorizeHttpRequests instead.
2022-05-06 14:32:19.362  INFO 13508 --- [restartedMain] o.s.s.web.DefaultSecurityFilterChain     : Will not secure Ant [pattern='/images/**']
2022-05-06 14:32:19.363  WARN 13508 --- [restartedMain] o.s.s.c.a.web.builders.WebSecurity       : You are asking Spring Security to ignore Ant [pattern='/js/**']. This is not recommended -- please use permitAll via HttpSecurity#authorizeHttpRequests instead.
2022-05-06 14:32:19.363  INFO 13508 --- [restartedMain] o.s.s.web.DefaultSecurityFilterChain     : Will not secure Ant [pattern='/js/**']
2022-05-06 14:32:19.363  WARN 13508 --- [restartedMain] o.s.s.c.a.web.builders.WebSecurity       : You are asking Spring Security to ignore Ant [pattern='/webjars/**']. This is not recommended -- please use permitAll via HttpSecurity#authorizeHttpRequests instead.
2022-05-06 14:32:19.363  INFO 13508 --- [restartedMain] o.s.s.web.DefaultSecurityFilterChain     : Will not secure Ant [pattern='/webjars/**']
2022-05-06 14:32:19.368  INFO 13508 --- [restartedMain] o.s.s.web.DefaultSecurityFilterChain     : Will secure any request with [org.springframework.security.web.context.request.async.WebAsyncManagerIntegrationFilter@19bcff79, org.springframework.security.web.context.SecurityContextPersistenceFilter@2561e7f2, org.springframework.security.web.header.HeaderWriterFilter@22368286, org.springframework.security.web.csrf.CsrfFilter@c1ec4dd, org.springframework.security.web.authentication.logout.LogoutFilter@159d23de, org.springframework.security.web.authentication.UsernamePasswordAuthenticationFilter@6769f3f7, org.springframework.security.web.savedrequest.RequestCacheAwareFilter@69f9abe3, org.springframework.security.web.servletapi.SecurityContextHolderAwareRequestFilter@7f4d26e8, org.springframework.security.web.authentication.rememberme.RememberMeAuthenticationFilter@3ebc22f0, org.springframework.security.web.authentication.AnonymousAuthenticationFilter@4e895028, org.springframework.security.web.session.SessionManagementFilter@5fa3f8f7, org.springframework.security.web.access.ExceptionTranslationFilter@64f50431, org.springframework.security.web.access.intercept.FilterSecurityInterceptor@4b139e38]
2022-05-06 14:32:19.399  INFO 13508 --- [restartedMain] o.s.b.a.w.s.WelcomePageHandlerMapping    : Adding welcome page template: index
2022-05-06 14:32:19.535  INFO 13508 --- [restartedMain] o.s.b.d.a.OptionalLiveReloadServer       : LiveReload server is running on port 35729
2022-05-06 14:32:19.543  INFO 13508 --- [restartedMain] o.s.b.w.embedded.tomcat.TomcatWebServer  : Tomcat started on port(s): 8083 (http) with context path '/ShopmeAdmin'
2022-05-06 14:32:19.547  INFO 13508 --- [restartedMain] c.shopme.admin.ShopmeBackEndApplication  : Started ShopmeBackEndApplication in 0.563 seconds (JVM running for 205.549)
2022-05-06 14:32:19.548  INFO 13508 --- [restartedMain] .ConditionEvaluationDeltaLoggingListener : Condition evaluation unchanged
2022-05-06 14:32:32.325  INFO 13508 --- [Thread-11] j.LocalContainerEntityManagerFactoryBean : Closing JPA EntityManagerFactory for persistence unit 'default'
2022-05-06 14:32:32.325  INFO 13508 --- [Thread-11] com.zaxxer.hikari.HikariDataSource       : HikariPool-3 - Shutdown initiated...
2022-05-06 14:32:32.329  INFO 13508 --- [Thread-11] com.zaxxer.hikari.HikariDataSource       : HikariPool-3 - Shutdown completed.
2022-05-06 14:32:32.377  INFO 13508 --- [restartedMain] c.shopme.admin.ShopmeBackEndApplication  : Starting ShopmeBackEndApplication using Java 11 on DESKTOP-VSRP01J with PID 13508 (D:\Java\Project\ShopmeEcommerce\ShopmeProject\ShopmeWebParent\ShopmeBackEnd\target\classes started by DELL in D:\Java\Project\ShopmeEcommerce\ShopmeProject\ShopmeWebParent\ShopmeBackEnd)
2022-05-06 14:32:32.377  INFO 13508 --- [restartedMain] c.shopme.admin.ShopmeBackEndApplication  : No active profile set, falling back to 1 default profile: "default"
2022-05-06 14:32:32.502  INFO 13508 --- [restartedMain] .s.d.r.c.RepositoryConfigurationDelegate : Bootstrapping Spring Data JPA repositories in DEFAULT mode.
2022-05-06 14:32:32.511  INFO 13508 --- [restartedMain] .s.d.r.c.RepositoryConfigurationDelegate : Finished Spring Data repository scanning in 8 ms. Found 2 JPA repository interfaces.
2022-05-06 14:32:32.579  INFO 13508 --- [restartedMain] o.s.b.w.embedded.tomcat.TomcatWebServer  : Tomcat initialized with port(s): 8083 (http)
2022-05-06 14:32:32.579  INFO 13508 --- [restartedMain] o.apache.catalina.core.StandardService   : Starting service [Tomcat]
2022-05-06 14:32:32.579  INFO 13508 --- [restartedMain] org.apache.catalina.core.StandardEngine  : Starting Servlet engine: [Apache Tomcat/9.0.62]
2022-05-06 14:32:32.594  INFO 13508 --- [restartedMain] o.a.c.c.C.[.[localhost].[/ShopmeAdmin]   : Initializing Spring embedded WebApplicationContext
2022-05-06 14:32:32.594  INFO 13508 --- [restartedMain] w.s.c.ServletWebServerApplicationContext : Root WebApplicationContext: initialization completed in 215 ms
2022-05-06 14:32:32.621  INFO 13508 --- [restartedMain] o.hibernate.jpa.internal.util.LogHelper  : HHH000204: Processing PersistenceUnitInfo [name: default]
2022-05-06 14:32:32.625  INFO 13508 --- [restartedMain] com.zaxxer.hikari.HikariDataSource       : HikariPool-4 - Starting...
2022-05-06 14:32:32.634  INFO 13508 --- [restartedMain] com.zaxxer.hikari.HikariDataSource       : HikariPool-4 - Start completed.
2022-05-06 14:32:32.634  INFO 13508 --- [restartedMain] org.hibernate.dialect.Dialect            : HHH000400: Using dialect: org.hibernate.dialect.MySQL8Dialect
2022-05-06 14:32:32.668  INFO 13508 --- [restartedMain] o.h.e.t.j.p.i.JtaPlatformInitiator       : HHH000490: Using JtaPlatform implementation: [org.hibernate.engine.transaction.jta.platform.internal.NoJtaPlatform]
2022-05-06 14:32:32.668  INFO 13508 --- [restartedMain] j.LocalContainerEntityManagerFactoryBean : Initialized JPA EntityManagerFactory for persistence unit 'default'
2022-05-06 14:32:32.681  WARN 13508 --- [restartedMain] JpaBaseConfiguration$JpaWebConfiguration : spring.jpa.open-in-view is enabled by default. Therefore, database queries may be performed during view rendering. Explicitly configure spring.jpa.open-in-view to disable this warning
2022-05-06 14:32:32.739  WARN 13508 --- [restartedMain] o.s.s.c.a.web.builders.WebSecurity       : You are asking Spring Security to ignore Ant [pattern='/images/**']. This is not recommended -- please use permitAll via HttpSecurity#authorizeHttpRequests instead.
2022-05-06 14:32:32.739  INFO 13508 --- [restartedMain] o.s.s.web.DefaultSecurityFilterChain     : Will not secure Ant [pattern='/images/**']
2022-05-06 14:32:32.739  WARN 13508 --- [restartedMain] o.s.s.c.a.web.builders.WebSecurity       : You are asking Spring Security to ignore Ant [pattern='/js/**']. This is not recommended -- please use permitAll via HttpSecurity#authorizeHttpRequests instead.
2022-05-06 14:32:32.739  INFO 13508 --- [restartedMain] o.s.s.web.DefaultSecurityFilterChain     : Will not secure Ant [pattern='/js/**']
2022-05-06 14:32:32.740  WARN 13508 --- [restartedMain] o.s.s.c.a.web.builders.WebSecurity       : You are asking Spring Security to ignore Ant [pattern='/webjars/**']. This is not recommended -- please use permitAll via HttpSecurity#authorizeHttpRequests instead.
2022-05-06 14:32:32.740  INFO 13508 --- [restartedMain] o.s.s.web.DefaultSecurityFilterChain     : Will not secure Ant [pattern='/webjars/**']
2022-05-06 14:32:32.745  INFO 13508 --- [restartedMain] o.s.s.web.DefaultSecurityFilterChain     : Will secure any request with [org.springframework.security.web.context.request.async.WebAsyncManagerIntegrationFilter@19800f29, org.springframework.security.web.context.SecurityContextPersistenceFilter@46124b2e, org.springframework.security.web.header.HeaderWriterFilter@4b07d9d, org.springframework.security.web.csrf.CsrfFilter@40c670d6, org.springframework.security.web.authentication.logout.LogoutFilter@231f9511, org.springframework.security.web.authentication.UsernamePasswordAuthenticationFilter@6bcf307b, org.springframework.security.web.savedrequest.RequestCacheAwareFilter@4badc2b6, org.springframework.security.web.servletapi.SecurityContextHolderAwareRequestFilter@4c7602cb, org.springframework.security.web.authentication.rememberme.RememberMeAuthenticationFilter@fd360c3, org.springframework.security.web.authentication.AnonymousAuthenticationFilter@31dbdf50, org.springframework.security.web.session.SessionManagementFilter@3521dd9c, org.springframework.security.web.access.ExceptionTranslationFilter@666d6bf9, org.springframework.security.web.access.intercept.FilterSecurityInterceptor@f34e8e9]
2022-05-06 14:32:32.774  INFO 13508 --- [restartedMain] o.s.b.a.w.s.WelcomePageHandlerMapping    : Adding welcome page template: index
2022-05-06 14:32:32.908  INFO 13508 --- [restartedMain] o.s.b.d.a.OptionalLiveReloadServer       : LiveReload server is running on port 35729
2022-05-06 14:32:32.915  INFO 13508 --- [restartedMain] o.s.b.w.embedded.tomcat.TomcatWebServer  : Tomcat started on port(s): 8083 (http) with context path '/ShopmeAdmin'
2022-05-06 14:32:32.918  INFO 13508 --- [restartedMain] c.shopme.admin.ShopmeBackEndApplication  : Started ShopmeBackEndApplication in 0.56 seconds (JVM running for 218.92)
2022-05-06 14:32:32.920  INFO 13508 --- [restartedMain] .ConditionEvaluationDeltaLoggingListener : Condition evaluation unchanged
2022-05-06 14:32:34.317  INFO 13508 --- [RMI TCP Connection(11)-127.0.0.1] inMXBeanRegistrar$SpringApplicationAdmin : Application shutdown requested.
2022-05-06 14:32:34.400  INFO 13508 --- [RMI TCP Connection(11)-127.0.0.1] j.LocalContainerEntityManagerFactoryBean : Closing JPA EntityManagerFactory for persistence unit 'default'
2022-05-06 14:32:34.401  INFO 13508 --- [RMI TCP Connection(11)-127.0.0.1] com.zaxxer.hikari.HikariDataSource       : HikariPool-4 - Shutdown initiated...
2022-05-06 14:32:34.404  INFO 13508 --- [RMI TCP Connection(11)-127.0.0.1] com.zaxxer.hikari.HikariDataSource       : HikariPool-4 - Shutdown completed.
2022-05-06 14:32:36.505  INFO 7880 --- [restartedMain] c.shopme.admin.ShopmeBackEndApplication  : Starting ShopmeBackEndApplication using Java 11 on DESKTOP-VSRP01J with PID 7880 (D:\Java\Project\ShopmeEcommerce\ShopmeProject\ShopmeWebParent\ShopmeBackEnd\target\classes started by DELL in D:\Java\Project\ShopmeEcommerce\ShopmeProject\ShopmeWebParent\ShopmeBackEnd)
2022-05-06 14:32:36.506  INFO 7880 --- [restartedMain] c.shopme.admin.ShopmeBackEndApplication  : No active profile set, falling back to 1 default profile: "default"
2022-05-06 14:32:36.536  INFO 7880 --- [restartedMain] .e.DevToolsPropertyDefaultsPostProcessor : Devtools property defaults active! Set 'spring.devtools.add-properties' to 'false' to disable
2022-05-06 14:32:36.536  INFO 7880 --- [restartedMain] .e.DevToolsPropertyDefaultsPostProcessor : For additional web related logging consider setting the 'logging.level.web' property to 'DEBUG'
2022-05-06 14:32:36.973  INFO 7880 --- [restartedMain] .s.d.r.c.RepositoryConfigurationDelegate : Bootstrapping Spring Data JPA repositories in DEFAULT mode.
2022-05-06 14:32:37.011  INFO 7880 --- [restartedMain] .s.d.r.c.RepositoryConfigurationDelegate : Finished Spring Data repository scanning in 32 ms. Found 2 JPA repository interfaces.
2022-05-06 14:32:37.423  INFO 7880 --- [restartedMain] o.s.b.w.embedded.tomcat.TomcatWebServer  : Tomcat initialized with port(s): 8083 (http)
2022-05-06 14:32:37.430  INFO 7880 --- [restartedMain] o.apache.catalina.core.StandardService   : Starting service [Tomcat]
2022-05-06 14:32:37.430  INFO 7880 --- [restartedMain] org.apache.catalina.core.StandardEngine  : Starting Servlet engine: [Apache Tomcat/9.0.62]
2022-05-06 14:32:37.494  INFO 7880 --- [restartedMain] o.a.c.c.C.[.[localhost].[/ShopmeAdmin]   : Initializing Spring embedded WebApplicationContext
2022-05-06 14:32:37.495  INFO 7880 --- [restartedMain] w.s.c.ServletWebServerApplicationContext : Root WebApplicationContext: initialization completed in 958 ms
2022-05-06 14:32:37.639  INFO 7880 --- [restartedMain] o.hibernate.jpa.internal.util.LogHelper  : HHH000204: Processing PersistenceUnitInfo [name: default]
2022-05-06 14:32:37.677  INFO 7880 --- [restartedMain] org.hibernate.Version                    : HHH000412: Hibernate ORM core version 5.6.8.Final
2022-05-06 14:32:37.796  INFO 7880 --- [restartedMain] o.hibernate.annotations.common.Version   : HCANN000001: Hibernate Commons Annotations {5.1.2.Final}
2022-05-06 14:32:37.879  INFO 7880 --- [restartedMain] com.zaxxer.hikari.HikariDataSource       : HikariPool-1 - Starting...
2022-05-06 14:32:38.055  INFO 7880 --- [restartedMain] com.zaxxer.hikari.HikariDataSource       : HikariPool-1 - Start completed.
2022-05-06 14:32:38.069  INFO 7880 --- [restartedMain] org.hibernate.dialect.Dialect            : HHH000400: Using dialect: org.hibernate.dialect.MySQL8Dialect
2022-05-06 14:32:38.583  INFO 7880 --- [restartedMain] o.h.e.t.j.p.i.JtaPlatformInitiator       : HHH000490: Using JtaPlatform implementation: [org.hibernate.engine.transaction.jta.platform.internal.NoJtaPlatform]
2022-05-06 14:32:38.589  INFO 7880 --- [restartedMain] j.LocalContainerEntityManagerFactoryBean : Initialized JPA EntityManagerFactory for persistence unit 'default'
2022-05-06 14:32:38.621  WARN 7880 --- [restartedMain] JpaBaseConfiguration$JpaWebConfiguration : spring.jpa.open-in-view is enabled by default. Therefore, database queries may be performed during view rendering. Explicitly configure spring.jpa.open-in-view to disable this warning
2022-05-06 14:32:39.045  WARN 7880 --- [restartedMain] o.s.s.c.a.web.builders.WebSecurity       : You are asking Spring Security to ignore Ant [pattern='/images/**']. This is not recommended -- please use permitAll via HttpSecurity#authorizeHttpRequests instead.
2022-05-06 14:32:39.046  INFO 7880 --- [restartedMain] o.s.s.web.DefaultSecurityFilterChain     : Will not secure Ant [pattern='/images/**']
2022-05-06 14:32:39.046  WARN 7880 --- [restartedMain] o.s.s.c.a.web.builders.WebSecurity       : You are asking Spring Security to ignore Ant [pattern='/js/**']. This is not recommended -- please use permitAll via HttpSecurity#authorizeHttpRequests instead.
2022-05-06 14:32:39.046  INFO 7880 --- [restartedMain] o.s.s.web.DefaultSecurityFilterChain     : Will not secure Ant [pattern='/js/**']
2022-05-06 14:32:39.046  WARN 7880 --- [restartedMain] o.s.s.c.a.web.builders.WebSecurity       : You are asking Spring Security to ignore Ant [pattern='/webjars/**']. This is not recommended -- please use permitAll via HttpSecurity#authorizeHttpRequests instead.
2022-05-06 14:32:39.046  INFO 7880 --- [restartedMain] o.s.s.web.DefaultSecurityFilterChain     : Will not secure Ant [pattern='/webjars/**']
2022-05-06 14:32:39.070  INFO 7880 --- [restartedMain] o.s.s.web.DefaultSecurityFilterChain     : Will secure any request with [org.springframework.security.web.context.request.async.WebAsyncManagerIntegrationFilter@65f9511f, org.springframework.security.web.context.SecurityContextPersistenceFilter@6478c949, org.springframework.security.web.header.HeaderWriterFilter@1e2084ff, org.springframework.security.web.csrf.CsrfFilter@6dee1384, org.springframework.security.web.authentication.logout.LogoutFilter@39d68a64, org.springframework.security.web.authentication.UsernamePasswordAuthenticationFilter@3575046, org.springframework.security.web.savedrequest.RequestCacheAwareFilter@19d47e80, org.springframework.security.web.servletapi.SecurityContextHolderAwareRequestFilter@355268fa, org.springframework.security.web.authentication.rememberme.RememberMeAuthenticationFilter@4dc44efd, org.springframework.security.web.authentication.AnonymousAuthenticationFilter@50d15876, org.springframework.security.web.session.SessionManagementFilter@7e0d003a, org.springframework.security.web.access.ExceptionTranslationFilter@6acd282c, org.springframework.security.web.access.intercept.FilterSecurityInterceptor@22b309dc]
2022-05-06 14:32:39.202  INFO 7880 --- [restartedMain] o.s.b.a.w.s.WelcomePageHandlerMapping    : Adding welcome page template: index
2022-05-06 14:32:39.481  INFO 7880 --- [restartedMain] o.s.b.d.a.OptionalLiveReloadServer       : LiveReload server is running on port 35729
2022-05-06 14:32:39.506  INFO 7880 --- [restartedMain] o.s.b.w.embedded.tomcat.TomcatWebServer  : Tomcat started on port(s): 8083 (http) with context path '/ShopmeAdmin'
2022-05-06 14:32:39.513  INFO 7880 --- [restartedMain] c.shopme.admin.ShopmeBackEndApplication  : Started ShopmeBackEndApplication in 3.266 seconds (JVM running for 3.851)
2022-05-06 14:32:46.343  INFO 7880 --- [http-nio-8083-exec-1] o.a.c.c.C.[.[localhost].[/ShopmeAdmin]   : Initializing Spring DispatcherServlet 'dispatcherServlet'
2022-05-06 14:32:46.343  INFO 7880 --- [http-nio-8083-exec-1] o.s.web.servlet.DispatcherServlet        : Initializing Servlet 'dispatcherServlet'
2022-05-06 14:32:46.344  INFO 7880 --- [http-nio-8083-exec-1] o.s.web.servlet.DispatcherServlet        : Completed initialization in 1 ms
2022-05-06 14:33:15.013 ERROR 7880 --- [http-nio-8083-exec-6] c.s.admin.user.service.FileUploadUtil    : Could not list directory: user-photos\26
2022-05-06 14:35:27.816  INFO 7880 --- [Thread-5] j.LocalContainerEntityManagerFactoryBean : Closing JPA EntityManagerFactory for persistence unit 'default'
2022-05-06 14:35:27.818  INFO 7880 --- [Thread-5] com.zaxxer.hikari.HikariDataSource       : HikariPool-1 - Shutdown initiated...
2022-05-06 14:35:27.823  INFO 7880 --- [Thread-5] com.zaxxer.hikari.HikariDataSource       : HikariPool-1 - Shutdown completed.
